{"levelname": "INFO", "asctime": "2021-12-29 19:25:56,376", "name": "loyalty_program.apps.referral.utils", "message": "Checking for expired referrals to delete."}
{"levelname": "INFO", "asctime": "2021-12-29 19:26:34,363", "name": "loyalty_program.apps.referral.views", "message": "Received request to get the main page."}
{"levelname": "INFO", "asctime": "2021-12-29 19:26:54,637", "name": "loyalty_program.apps.referral.views", "message": "Received a request to fetch a specific User"}
{"levelname": "INFO", "asctime": "2021-12-29 19:27:16,005", "name": "loyalty_program.apps.referral.views", "message": "Received a request to update a specific User, with the following data: <QueryDict: {'cpf': ['12631049675'], 'name': ['Teresa Seabra Antunes'], 'phone': ['31992818779'], 'email': ['tseabra.antunes@gmail.com']}>"}
{"levelname": "INFO", "asctime": "2021-12-29 19:51:42,999", "name": "loyalty_program.apps.referral.views", "message": "Received a request to fetch a list of all Referrals"}
{"levelname": "INFO", "asctime": "2021-12-29 19:51:42,999", "name": "loyalty_program.apps.referral.utils", "message": "Checking for expired referrals to delete."}
{"levelname": "INFO", "asctime": "2021-12-29 19:52:07,105", "name": "loyalty_program.apps.referral.views", "message": "Received a request to fetch a specific User"}
{"levelname": "INFO", "asctime": "2021-12-29 19:53:20,148", "name": "loyalty_program.apps.referral.views", "message": "Waiting for user to create a referral."}
{"levelname": "INFO", "asctime": "2021-12-29 19:56:52,938", "name": "loyalty_program.apps.referral.views", "message": "Received a request to update a specific User, with the following data: <QueryDict: {'cpf': ['11111111111'], 'name': ['Teresa Seabra Antunes'], 'phone': ['31992818779'], 'email': ['tseabra.antunes@gmail.com']}>"}
{"levelname": "WARNING", "asctime": "2021-12-29 19:56:52,947", "name": "loyalty_program.apps.referral.views", "message": "Received data is invalid, returning 400."}
{"levelname": "INFO", "asctime": "2021-12-29 19:57:30,822", "name": "loyalty_program.apps.referral.views", "message": "Received a request to update a specific User, with the following data: <QueryDict: {'cpf': ['47490782201'], 'name': ['Teresa Seabra Antunes'], 'phone': ['31992818779'], 'email': ['tseabra.antunes@gmail.com']}>"}
{"levelname": "WARNING", "asctime": "2021-12-29 19:57:30,827", "name": "loyalty_program.apps.referral.views", "message": "User is trying to change their CPF, returning 400."}
{"levelname": "INFO", "asctime": "2021-12-29 19:58:09,479", "name": "loyalty_program.apps.referral.views", "message": "Received request to get the main page."}
{"levelname": "INFO", "asctime": "2021-12-29 19:59:38,934", "name": "loyalty_program.apps.referral.views", "message": "Received a request to fetch a list of all Referrals made by user: 12631049675"}
{"levelname": "INFO", "asctime": "2021-12-29 19:59:38,934", "name": "loyalty_program.apps.referral.utils", "message": "Checking for expired referrals to delete."}
{"levelname": "INFO", "asctime": "2021-12-29 19:59:38,942", "name": "loyalty_program.apps.referral.views", "message": "Data checks, returning referrals and 200!"}
{"levelname": "INFO", "asctime": "2021-12-29 20:00:02,636", "name": "loyalty_program.apps.referral.views", "message": "Received a request to fetch a list of all Referrals made by user: 11111"}
{"levelname": "INFO", "asctime": "2021-12-29 20:00:02,636", "name": "loyalty_program.apps.referral.utils", "message": "Checking for expired referrals to delete."}
{"levelname": "WARNING", "asctime": "2021-12-29 20:00:02,639", "name": "loyalty_program.apps.referral.views", "message": "User is not registered, returning 404."}
{"levelname": "INFO", "asctime": "2021-12-29 20:00:22,438", "name": "loyalty_program.apps.referral.views", "message": "Waiting for user to create a referral."}
{"levelname": "INFO", "asctime": "2021-12-29 20:00:45,814", "name": "loyalty_program.apps.referral.views", "message": "Received a request to create a referral with the following data: <QueryDict: {'csrfmiddlewaretoken': ['2lPELU6SwxwhWMLPzFWTKGZZ6DCZywd2UZwS7wtolrp1c8smmkOjJbytnrjrNBMr'], 'source_cpf': ['70009704213'], 'target_cpf': ['99526630726']}>:"}
{"levelname": "INFO", "asctime": "2021-12-29 20:00:45,814", "name": "loyalty_program.apps.referral.utils", "message": "Checking for expired referrals to delete."}
{"levelname": "INFO", "asctime": "2021-12-29 20:00:46,108", "name": "loyalty_program.apps.referral.views", "message": "Data checks, creating referral and returning 201!"}
{"levelname": "INFO", "asctime": "2021-12-29 20:00:56,840", "name": "loyalty_program.apps.referral.views", "message": "Waiting for user to create a referral."}
{"levelname": "INFO", "asctime": "2021-12-29 20:01:01,579", "name": "loyalty_program.apps.referral.views", "message": "Received a request to create a referral with the following data: <QueryDict: {'csrfmiddlewaretoken': ['2Gb98Wsmf5FIxnJJDTrq9xF7HlsNWYxJUkSnuyPS4ZysNJqgqyjQ82eBY99fb368'], 'source_cpf': ['111111111111'], 'target_cpf': ['1198709839']}>:"}
{"levelname": "INFO", "asctime": "2021-12-29 20:01:01,579", "name": "loyalty_program.apps.referral.utils", "message": "Checking for expired referrals to delete."}
{"levelname": "WARNING", "asctime": "2021-12-29 20:01:01,590", "name": "loyalty_program.apps.referral.views", "message": "Requested data is invalid, returnin 400"}
{"levelname": "INFO", "asctime": "2021-12-29 20:01:24,557", "name": "loyalty_program.apps.referral.views", "message": "Received a request to create a referral with the following data: <QueryDict: {'csrfmiddlewaretoken': ['t1D7swxgDwJvHcrV8CBZaPMNCQASuYwHlFklO8UMsqCfXy8sVhtp9klhTEhkJ356'], 'source_cpf': ['70009704213'], 'target_cpf': ['12631049675']}>:"}
{"levelname": "INFO", "asctime": "2021-12-29 20:01:24,557", "name": "loyalty_program.apps.referral.utils", "message": "Checking for expired referrals to delete."}
{"levelname": "WARNING", "asctime": "2021-12-29 20:01:24,564", "name": "loyalty_program.apps.referral.views", "message": "User is trying to refer someone who is already on database, returning 400."}
{"levelname": "INFO", "asctime": "2021-12-29 20:02:07,516", "name": "loyalty_program.apps.referral.views", "message": "Received a request to create a referral with the following data: <QueryDict: {'csrfmiddlewaretoken': ['YrgQbBavCTCAVQ0pNIigvzz0voe9Ilq4Q5X4xdx1rNvkbcHWAnaGu48uMcVBXqZt'], 'source_cpf': ['70009704213'], 'target_cpf': ['99526630726']}>:"}
{"levelname": "INFO", "asctime": "2021-12-29 20:02:07,516", "name": "loyalty_program.apps.referral.utils", "message": "Checking for expired referrals to delete."}
{"levelname": "WARNING", "asctime": "2021-12-29 20:02:07,527", "name": "loyalty_program.apps.referral.views", "message": "User is trying to refer someone with an active referral, returning 400."}
{"levelname": "INFO", "asctime": "2021-12-29 20:02:29,801", "name": "loyalty_program.apps.referral.views", "message": "Received a request to fetch a specific Referral"}
{"levelname": "INFO", "asctime": "2021-12-29 20:02:29,801", "name": "loyalty_program.apps.referral.utils", "message": "Checking for expired referrals to delete."}
{"levelname": "INFO", "asctime": "2021-12-29 20:02:29,805", "name": "loyalty_program.apps.referral.views", "message": "Data checks, returning referral and 200!"}
{"levelname": "INFO", "asctime": "2021-12-29 20:02:49,330", "name": "loyalty_program.apps.referral.views", "message": "Received a request to update a specific User, with the following data: <QueryDict: {'source_cpf': ['70009704213'], 'target_cpf': ['99526630726'], 'status': ['true']}>"}
{"levelname": "INFO", "asctime": "2021-12-29 20:02:49,506", "name": "loyalty_program.apps.referral.views", "message": "User accepted the referral! Giving points to referrer and returning 200!"}
{"levelname": "INFO", "asctime": "2021-12-29 20:03:08,364", "name": "loyalty_program.apps.referral.views", "message": "Waiting for user to create a referral."}
{"levelname": "INFO", "asctime": "2021-12-29 20:03:17,342", "name": "loyalty_program.apps.referral.views", "message": "Received a request to create a referral with the following data: <QueryDict: {'csrfmiddlewaretoken': ['lgFuPjOdKdgEnxNJnffz0aPFtrbHIvUTdUmIbVbJz79oDTugaU7ZZFo9KfS9XAti'], 'source_cpf': ['12631049675'], 'target_cpf': ['99526630726']}>:"}
{"levelname": "INFO", "asctime": "2021-12-29 20:03:17,343", "name": "loyalty_program.apps.referral.utils", "message": "Checking for expired referrals to delete."}
{"levelname": "WARNING", "asctime": "2021-12-29 20:03:17,348", "name": "loyalty_program.apps.referral.views", "message": "User is trying to refer someone with an active referral, returning 400."}
{"levelname": "INFO", "asctime": "2021-12-29 20:03:57,674", "name": "loyalty_program.apps.referral.views", "message": "Received a request to fetch a specific User"}
{"levelname": "INFO", "asctime": "2021-12-29 20:04:11,786", "name": "loyalty_program.apps.referral.views", "message": "Received a request to fetch a specific User"}
