{"levelname": "WARNING", "asctime": "2021-12-29 19:56:52,981", "name": "django.request", "message": "Bad Request: /user/12631049675/", "status_code": 400, "request": "<WSGIRequest: PUT '/user/12631049675/'>"}
{"levelname": "WARNING", "asctime": "2021-12-29 19:57:30,864", "name": "django.request", "message": "Bad Request: /user/12631049675/", "status_code": 400, "request": "<WSGIRequest: PUT '/user/12631049675/'>"}
{"levelname": "WARNING", "asctime": "2021-12-29 19:58:18,349", "name": "django.request", "message": "Not Found: /all-users/", "status_code": 404, "request": "<WSGIRequest: GET '/all-users/'>"}
{"levelname": "WARNING", "asctime": "2021-12-29 20:00:02,651", "name": "django.request", "message": "Not Found: /all-referrals/11111/", "status_code": 404, "request": "<WSGIRequest: GET '/all-referrals/11111/'>"}
{"levelname": "WARNING", "asctime": "2021-12-29 20:01:01,630", "name": "django.request", "message": "Bad Request: /create-referral/", "status_code": 400, "request": "<WSGIRequest: POST '/create-referral/'>"}
{"levelname": "WARNING", "asctime": "2021-12-29 20:01:24,590", "name": "django.request", "message": "Bad Request: /create-referral/", "status_code": 400, "request": "<WSGIRequest: POST '/create-referral/'>"}
{"levelname": "WARNING", "asctime": "2021-12-29 20:02:07,560", "name": "django.request", "message": "Bad Request: /create-referral/", "status_code": 400, "request": "<WSGIRequest: POST '/create-referral/'>"}
{"levelname": "WARNING", "asctime": "2021-12-29 20:02:22,524", "name": "django.request", "message": "Not Found: /accept-referral/", "status_code": 404, "request": "<WSGIRequest: GET '/accept-referral/'>"}
{"levelname": "WARNING", "asctime": "2021-12-29 20:03:17,378", "name": "django.request", "message": "Bad Request: /create-referral/", "status_code": 400, "request": "<WSGIRequest: POST '/create-referral/'>"}
{"levelname": "WARNING", "asctime": "2021-12-30 17:10:14,615", "name": "django.request", "message": "Not Found: /accept-referral/38064549906/", "status_code": 404, "request": "<WSGIRequest: GET '/accept-referral/38064549906/'>"}
{"levelname": "WARNING", "asctime": "2021-12-30 17:10:14,712", "name": "django.request", "message": "Bad Request: /accept-referral/50531038955/", "status_code": 400, "request": "<WSGIRequest: PUT '/accept-referral/50531038955/'>"}
{"levelname": "WARNING", "asctime": "2021-12-30 17:10:14,736", "name": "django.request", "message": "Bad Request: /accept-referral/93074300981/", "status_code": 400, "request": "<WSGIRequest: PUT '/accept-referral/93074300981/'>"}
{"levelname": "WARNING", "asctime": "2021-12-30 17:10:14,758", "name": "django.request", "message": "Not Found: /accept-referral/47960846499/", "status_code": 404, "request": "<WSGIRequest: GET '/accept-referral/47960846499/'>"}
{"levelname": "WARNING", "asctime": "2021-12-30 17:10:14,820", "name": "django.request", "message": "Not Found: /all-referrals/26017109774/", "status_code": 404, "request": "<WSGIRequest: GET '/all-referrals/26017109774/'>"}
{"levelname": "WARNING", "asctime": "2021-12-30 17:10:14,836", "name": "django.request", "message": "Not Found: /all-referrals/51805510649/", "status_code": 404, "request": "<WSGIRequest: GET '/all-referrals/51805510649/'>"}
{"levelname": "WARNING", "asctime": "2021-12-30 17:10:14,853", "name": "django.request", "message": "Bad Request: /create-referral/", "status_code": 400, "request": "<WSGIRequest: POST '/create-referral/'>"}
{"levelname": "WARNING", "asctime": "2021-12-30 17:10:14,869", "name": "django.request", "message": "Bad Request: /create-referral/", "status_code": 400, "request": "<WSGIRequest: POST '/create-referral/'>"}
{"levelname": "WARNING", "asctime": "2021-12-30 17:10:14,925", "name": "django.request", "message": "Bad Request: /create-referral/", "status_code": 400, "request": "<WSGIRequest: POST '/create-referral/'>"}
{"levelname": "WARNING", "asctime": "2021-12-30 17:10:14,942", "name": "django.request", "message": "Bad Request: /create-referral/", "status_code": 400, "request": "<WSGIRequest: POST '/create-referral/'>"}
{"levelname": "WARNING", "asctime": "2021-12-30 17:10:14,958", "name": "django.request", "message": "Not Found: /create-referral/", "status_code": 404, "request": "<WSGIRequest: POST '/create-referral/'>"}
{"levelname": "WARNING", "asctime": "2021-12-30 17:10:14,980", "name": "django.request", "message": "Not Found: /referral/18192699650/", "status_code": 404, "request": "<WSGIRequest: GET '/referral/18192699650/'>"}
{"levelname": "WARNING", "asctime": "2021-12-30 17:10:15,017", "name": "django.request", "message": "Bad Request: /user/11987098390/", "status_code": 400, "request": "<WSGIRequest: PUT '/user/11987098390/'>"}
{"levelname": "WARNING", "asctime": "2021-12-30 17:10:15,033", "name": "django.request", "message": "Bad Request: /user/11987098390/", "status_code": 400, "request": "<WSGIRequest: PUT '/user/11987098390/'>"}
{"levelname": "WARNING", "asctime": "2021-12-30 17:10:15,055", "name": "django.request", "message": "Bad Request: /user/11987098390/", "status_code": 400, "request": "<WSGIRequest: PUT '/user/11987098390/'>"}
{"levelname": "WARNING", "asctime": "2021-12-30 17:10:15,074", "name": "django.request", "message": "Not Found: /user/74785436425/", "status_code": 404, "request": "<WSGIRequest: GET '/user/74785436425/'>"}
{"levelname": "WARNING", "asctime": "2021-12-30 17:10:45,748", "name": "django.request", "message": "Not Found: /clientes/12631049675", "status_code": 404, "request": "<WSGIRequest: GET '/clientes/12631049675'>"}
{"levelname": "WARNING", "asctime": "2021-12-30 20:31:48,507", "name": "django.request", "message": "Not Found: /accept-referral/62833892608/", "status_code": 404, "request": "<WSGIRequest: GET '/accept-referral/62833892608/'>"}
{"levelname": "WARNING", "asctime": "2021-12-30 20:31:48,589", "name": "django.request", "message": "Bad Request: /accept-referral/35746147303/", "status_code": 400, "request": "<WSGIRequest: PUT '/accept-referral/35746147303/'>"}
{"levelname": "WARNING", "asctime": "2021-12-30 20:31:48,606", "name": "django.request", "message": "Bad Request: /accept-referral/65602161015/", "status_code": 400, "request": "<WSGIRequest: PUT '/accept-referral/65602161015/'>"}
{"levelname": "WARNING", "asctime": "2021-12-30 20:31:48,621", "name": "django.request", "message": "Not Found: /accept-referral/71367147450/", "status_code": 404, "request": "<WSGIRequest: GET '/accept-referral/71367147450/'>"}
{"levelname": "WARNING", "asctime": "2021-12-30 20:31:48,669", "name": "django.request", "message": "Not Found: /all-referrals/41976658659/", "status_code": 404, "request": "<WSGIRequest: GET '/all-referrals/41976658659/'>"}
{"levelname": "WARNING", "asctime": "2021-12-30 20:31:48,687", "name": "django.request", "message": "Not Found: /all-referrals/51805510649/", "status_code": 404, "request": "<WSGIRequest: GET '/all-referrals/51805510649/'>"}
{"levelname": "WARNING", "asctime": "2021-12-30 20:31:48,702", "name": "django.request", "message": "Bad Request: /create-referral/", "status_code": 400, "request": "<WSGIRequest: POST '/create-referral/'>"}
{"levelname": "WARNING", "asctime": "2021-12-30 20:31:48,718", "name": "django.request", "message": "Bad Request: /create-referral/", "status_code": 400, "request": "<WSGIRequest: POST '/create-referral/'>"}
{"levelname": "WARNING", "asctime": "2021-12-30 20:31:48,773", "name": "django.request", "message": "Bad Request: /create-referral/", "status_code": 400, "request": "<WSGIRequest: POST '/create-referral/'>"}
{"levelname": "WARNING", "asctime": "2021-12-30 20:31:48,789", "name": "django.request", "message": "Bad Request: /create-referral/", "status_code": 400, "request": "<WSGIRequest: POST '/create-referral/'>"}
{"levelname": "WARNING", "asctime": "2021-12-30 20:31:48,805", "name": "django.request", "message": "Not Found: /create-referral/", "status_code": 404, "request": "<WSGIRequest: POST '/create-referral/'>"}
{"levelname": "WARNING", "asctime": "2021-12-30 20:31:48,825", "name": "django.request", "message": "Not Found: /referral/70780573501/", "status_code": 404, "request": "<WSGIRequest: GET '/referral/70780573501/'>"}
{"levelname": "WARNING", "asctime": "2021-12-30 20:31:48,861", "name": "django.request", "message": "Bad Request: /user/11987098390/", "status_code": 400, "request": "<WSGIRequest: PUT '/user/11987098390/'>"}
{"levelname": "WARNING", "asctime": "2021-12-30 20:31:48,876", "name": "django.request", "message": "Bad Request: /user/11987098390/", "status_code": 400, "request": "<WSGIRequest: PUT '/user/11987098390/'>"}
{"levelname": "WARNING", "asctime": "2021-12-30 20:31:48,891", "name": "django.request", "message": "Bad Request: /user/11987098390/", "status_code": 400, "request": "<WSGIRequest: PUT '/user/11987098390/'>"}
{"levelname": "WARNING", "asctime": "2021-12-30 20:31:48,904", "name": "django.request", "message": "Not Found: /user/81622960262/", "status_code": 404, "request": "<WSGIRequest: GET '/user/81622960262/'>"}
{"levelname": "WARNING", "asctime": "2021-12-30 20:33:14,531", "name": "django.request", "message": "Bad Request: /user/12631049675/", "status_code": 400, "request": "<WSGIRequest: PUT '/user/12631049675/'>"}
{"levelname": "WARNING", "asctime": "2021-12-30 20:34:53,291", "name": "django.request", "message": "Bad Request: /create-referral/", "status_code": 400, "request": "<WSGIRequest: POST '/create-referral/'>"}
